<?xml version="1.0" encoding="UTF-8"?>
<testng-results ignored="0" total="1" passed="1" failed="0" skipped="0">
  <reporter-output>
  </reporter-output>
  <suite started-at="2025-06-28T01:25:58 IST" name="Default suite" finished-at="2025-06-28T01:25:58 IST" duration-ms="120">
    <groups>
    </groups>
    <test started-at="2025-06-28T01:25:58 IST" name="Default test" finished-at="2025-06-28T01:25:58 IST" duration-ms="120">
      <class name="javaArray.ArrayRemoveDuplicate">
        <test-method signature="removeDuplicate()[pri:0, instance:javaArray.ArrayRemoveDuplicate@618b19ad]" started-at="2025-06-28T01:25:58 IST" name="removeDuplicate" finished-at="2025-06-28T01:25:58 IST" duration-ms="23" status="PASS">
          <reporter-output>
          </reporter-output>
        </test-method> <!-- removeDuplicate -->
      </class> <!-- javaArray.ArrayRemoveDuplicate -->
    </test> <!-- Default test -->
  </suite> <!-- Default suite -->
</testng-results>
